<?xml version="1.0" encoding="UTF-8"?>
<testsuite name="RestaurantTest" tests="9" skipped="0" failures="0" errors="0" timestamp="2015-08-26T21:18:24" hostname="epicodus-111.local" time="0.108">
  <properties/>
  <testcase name="delete_deletesRestaurantFromDatabase" classname="RestaurantTest" time="0.018"/>
  <testcase name="save_returnTrueIfSaved" classname="RestaurantTest" time="0.012"/>
  <testcase name="getCuisineId_returnsCorrectCuisineId" classname="RestaurantTest" time="0.009"/>
  <testcase name="getRestName_returnsCorrectName" classname="RestaurantTest" time="0.011"/>
  <testcase name="find_findsCorrectId" classname="RestaurantTest" time="0.012"/>
  <testcase name="all_emptyAtFirst" classname="RestaurantTest" time="0.007"/>
  <testcase name="equals_returnTrueIfNamesAreSame" classname="RestaurantTest" time="0.004"/>
  <testcase name="update_updatesRestaurantNameInDatabase" classname="RestaurantTest" time="0.019"/>
  <testcase name="getRestId_returnsCorrectId" classname="RestaurantTest" time="0.012"/>
  <system-out><![CDATA[]]></system-out>
  <system-err><![CDATA[]]></system-err>
</testsuite>
