<?xml version="1.0" encoding="UTF-8"?>
<testsuite name="RestaurantTest" tests="8" skipped="0" failures="0" errors="0" timestamp="2015-08-26T17:41:23" hostname="epicodus-111.local" time="0.197">
  <properties/>
  <testcase name="delete_deletesRestaurantFromDatabase" classname="RestaurantTest" time="0.114"/>
  <testcase name="save_returnTrueIfSaved" classname="RestaurantTest" time="0.014"/>
  <testcase name="getRestName_returnsCorrectName" classname="RestaurantTest" time="0.009"/>
  <testcase name="find_findsCorrectId" classname="RestaurantTest" time="0.014"/>
  <testcase name="all_emptyAtFirst" classname="RestaurantTest" time="0.008"/>
  <testcase name="equals_returnTrueIfNamesAreSame" classname="RestaurantTest" time="0.006"/>
  <testcase name="update_updatesRestaurantNameInDatabase" classname="RestaurantTest" time="0.019"/>
  <testcase name="getRestId_returnsCorrectId" classname="RestaurantTest" time="0.012"/>
  <system-out><![CDATA[]]></system-out>
  <system-err><![CDATA[]]></system-err>
</testsuite>
