<?xml version="1.0" encoding="UTF-8"?>
<testsuite name="RestaurantTest" tests="9" skipped="0" failures="0" errors="0" timestamp="2015-08-26T18:27:30" hostname="epicodus-111.local" time="0.102">
  <properties/>
  <testcase name="delete_deletesRestaurantFromDatabase" classname="RestaurantTest" time="0.017"/>
  <testcase name="save_returnTrueIfSaved" classname="RestaurantTest" time="0.013"/>
  <testcase name="getCuisineId_returnsCorrectCuisineId" classname="RestaurantTest" time="0.009"/>
  <testcase name="getRestName_returnsCorrectName" classname="RestaurantTest" time="0.008"/>
  <testcase name="find_findsCorrectId" classname="RestaurantTest" time="0.012"/>
  <testcase name="all_emptyAtFirst" classname="RestaurantTest" time="0.008"/>
  <testcase name="equals_returnTrueIfNamesAreSame" classname="RestaurantTest" time="0.004"/>
  <testcase name="update_updatesRestaurantNameInDatabase" classname="RestaurantTest" time="0.016"/>
  <testcase name="getRestId_returnsCorrectId" classname="RestaurantTest" time="0.013"/>
  <system-out><![CDATA[]]></system-out>
  <system-err><![CDATA[]]></system-err>
</testsuite>
